12:38:41  INFO Version:        [32m0.2.1[0m
12:38:41  INFO Repository:     [32mhttps://github.com/matter-labs/anvil-zksync[0m
12:38:41  INFO Rich Accounts
12:38:41  INFO ========================
12:38:41  INFO (0) 0xf39Fd6e51aad88F6F4ce6aB8827279cffFb92266 (10000 ETH)
12:38:41  INFO (1) 0x70997970C51812dc3A010C7d01b50e0d17dc79C8 (10000 ETH)
12:38:41  INFO (2) 0x3C44CdDdB6a900fa2b585dd299e03d12FA4293BC (10000 ETH)
12:38:41  INFO (3) 0x90F79bf6EB2c4f870365E785982E1f101E93b906 (10000 ETH)
12:38:41  INFO (4) 0x15d34AAf54267DB7D7c367839AAf71A00a2C6A65 (10000 ETH)
12:38:41  INFO (5) 0x9965507D1a55bcC2695C58ba16FB37d819B0A4dc (10000 ETH)
12:38:41  INFO (6) 0x976EA74026E726554dB657fA54763abd0C3a0aa9 (10000 ETH)
12:38:41  INFO (7) 0x14dC79964da2C08b23698B3D3cc7Ca32193d9955 (10000 ETH)
12:38:41  INFO (8) 0x23618e81E3f5cdF7f54C3d65f7FBc0aBf5B21E8f (10000 ETH)
12:38:41  INFO (9) 0xa0Ee7A142d267C1f36714E4a8F75612F20a79720 (10000 ETH)
12:38:41  INFO Private Keys
12:38:41  INFO ========================
12:38:41  INFO (0) 0xac0974bec39a17e36ba4a6b4d238ff944bacb478cbed5efcae784d7bf4f2ff80
12:38:41  INFO (1) 0x59c6995e998f97a5a0044966f0945389dc9e86dae88c7a8412f4603b6b78690d
12:38:41  INFO (2) 0x5de4111afa1a4b94908f83103eb1f1706367c2e68ca870fc3fb9a804cdab365a
12:38:41  INFO (3) 0x7c852118294e51e653712a81e05800f419141751be58f605c371e15141b007a6
12:38:41  INFO (4) 0x47e179ec197488593b187f80a00eb0da91f1b9d0b13f8733639f19c30a34926a
12:38:41  INFO (5) 0x8b3a350cf5c34c9194ca85829a2df0ec3153be0318b5e2d3348e872092edffba
12:38:41  INFO (6) 0x92db14e403b83dfe3df233f83dfa3a0d7096f21ca9b0d6d6b8d88b2b4ec1564e
12:38:41  INFO (7) 0x4bbbf85ce3377467afe5d46f804f221813b2bb87f24d81f60f1fcdbf7cbf4356
12:38:41  INFO (8) 0xdbda1821b80551c9d65939329250298aa3472ba22feea921c0cf5d620ea67b97
12:38:41  INFO (9) 0x2a871d0798f97d79848a013d4936a73bf4cc922c825d33c1cf7073dff6d409c6
12:38:41  INFO Wallet
12:38:41  INFO ========================
12:38:41  INFO Mnemonic:            [32mtest test test test test test test test test test test junk[0m
12:38:41  INFO Derivation path:     [32mm/44'/60'/0'/0/0[0m
12:38:41  INFO Network Configuration
12:38:41  INFO ========================
12:38:41  INFO Chain ID: [32m260[0m
12:38:41  INFO Gas Configuration
12:38:41  INFO ========================
12:38:41  INFO L1 Gas Price (gwei):               [32m14.93236408 gwei[0m
12:38:41  INFO L2 Gas Price (gwei):               [32m0.04525000 gwei[0m
12:38:41  INFO L1 Pubdata Price (gwei):           [32m6.71225198 gwei[0m
12:38:41  INFO Estimated Gas Price Scale Factor:  [32m2[0m
12:38:41  INFO Estimated Gas Limit Scale Factor:  [32m1.3[0m
12:38:41  INFO Genesis Timestamp
12:38:41  INFO ========================
12:38:41  INFO [32m1000[0m
12:38:41  INFO Node Configuration
12:38:41  INFO ========================
12:38:41  INFO Port:               8011
12:38:41  INFO EVM Emulator:       [31mDisabled[0m
12:38:41  INFO Health Check Endpoint: [31mDisabled[0m
12:38:41  INFO ========================================
12:38:41  INFO   Listening on [32m127.0.0.1[0m:[32m8011[0m
12:38:41  INFO ========================================
12:38:47  INFO 
12:38:47  INFO Validating [1m0x8a4b35537c02936de27205af05ca5d736168fadf82d905cbbbbf47f95b60eeea[0m
12:38:47  INFO Executing [1m0x8a4b35537c02936de27205af05ca5d736168fadf82d905cbbbbf47f95b60eeea[0m
12:38:47  INFO 
12:38:47  INFO ✅  [SUCCESS] Hash: 0x8a4b35537c02936de27205af05ca5d736168fadf82d905cbbbbf47f95b60eeea
12:38:47  INFO Initiator: 0x36615cf349d7f6344891b1e7ca7c72883f5dc049
12:38:47  INFO Payer: 0x36615cf349d7f6344891b1e7ca7c72883f5dc049
12:38:47  INFO Gas Limit: 15_097_603 | Used: 6_241_670 | Refunded: 8_855_933
12:38:47  INFO Paid: 0.0002824356 ETH (6241670 gas * 0.04525000 gwei)
12:38:47  INFO Refunded: 0.0004007310 ETH
12:38:47  INFO 
12:38:47  INFO 
12:38:47  INFO ==== Console logs: 
12:38:47  INFO 
12:38:47  INFO Call: [32mSUCCESS[0m
12:38:47  INFO Output: "0x"
12:38:47  INFO 
12:38:47  INFO ==== Console logs: 
12:38:49  INFO 
12:38:49  INFO Validating [1m0x6fd80e4ce5eb03ca931981e241755f96324eb22dfd305153f8b508200aa03fc3[0m
12:38:49  INFO Executing [1m0x6fd80e4ce5eb03ca931981e241755f96324eb22dfd305153f8b508200aa03fc3[0m
12:38:49  INFO 
12:38:49  INFO ✅  [SUCCESS] Hash: 0x6fd80e4ce5eb03ca931981e241755f96324eb22dfd305153f8b508200aa03fc3
12:38:49  INFO Initiator: 0x36615cf349d7f6344891b1e7ca7c72883f5dc049
12:38:49  INFO Payer: 0x36615cf349d7f6344891b1e7ca7c72883f5dc049
12:38:49  INFO Gas Limit: 373_587 | Used: 218_142 | Refunded: 155_445
12:38:49  INFO Paid: 0.0000098709 ETH (218142 gas * 0.04525000 gwei)
12:38:49  INFO Refunded: 0.0000070339 ETH
12:38:49  INFO 
12:38:49  INFO 
12:38:49  INFO ==== Console logs: 
12:38:49  INFO 
12:38:49  INFO Call: [32mSUCCESS[0m
12:38:49  INFO Output: "0x"
12:38:49  INFO 
12:38:49  INFO ==== Console logs: 
12:38:49  INFO 
12:38:49  INFO Call: [32mSUCCESS[0m
12:38:49  INFO Output: "0x0000000000000000000000000000000000000000000000000000000000000000"
12:38:49  INFO 
12:38:49  INFO ==== Console logs: 
12:40:44  INFO 
12:40:44  INFO Validating [1m0xbcaac9089443998ebeb8a60c696745d1e5dc7cfc30d7b92506c85b71f1af77e1[0m
12:40:44  INFO Executing [1m0xbcaac9089443998ebeb8a60c696745d1e5dc7cfc30d7b92506c85b71f1af77e1[0m
12:40:44  INFO 
12:40:44  INFO ✅  [SUCCESS] Hash: 0xbcaac9089443998ebeb8a60c696745d1e5dc7cfc30d7b92506c85b71f1af77e1
12:40:44  INFO Initiator: 0x36615cf349d7f6344891b1e7ca7c72883f5dc049
12:40:44  INFO Payer: 0x36615cf349d7f6344891b1e7ca7c72883f5dc049
12:40:44  INFO Gas Limit: 802_818 | Used: 394_961 | Refunded: 407_857
12:40:44  INFO Paid: 0.0000178720 ETH (394961 gas * 0.04525000 gwei)
12:40:44  INFO Refunded: 0.0000184555 ETH
12:40:44  INFO 
12:40:44  INFO 
12:40:44  INFO ==== Console logs: 
12:40:45  INFO 
12:40:45  INFO Validating [1m0x849d188112b8d190a07b3feba517e0662510060ca05ca25813cde268f76491be[0m
12:40:45  INFO Executing [1m0x849d188112b8d190a07b3feba517e0662510060ca05ca25813cde268f76491be[0m
12:40:45  INFO 
12:40:45  INFO ✅  [SUCCESS] Hash: 0x849d188112b8d190a07b3feba517e0662510060ca05ca25813cde268f76491be
12:40:45  INFO Initiator: 0x36615cf349d7f6344891b1e7ca7c72883f5dc049
12:40:45  INFO Payer: 0x36615cf349d7f6344891b1e7ca7c72883f5dc049
12:40:45  INFO Gas Limit: 26_198_150 | Used: 10_776_667 | Refunded: 15_421_483
12:40:45  INFO Paid: 0.0004876442 ETH (10776667 gas * 0.04525000 gwei)
12:40:45  INFO Refunded: 0.0006978221 ETH
12:40:45  INFO 
12:40:45  INFO 
12:40:45  INFO ==== Console logs: 
12:40:46  INFO 
12:40:46  INFO Call: [32mSUCCESS[0m
12:40:46  INFO Output: "0x3cb8939c9c0d30f6b52c03d8327c4a03f4c944e120419155c74ac723b8c0f87a"
12:40:46  INFO 
12:40:46  INFO ==== Console logs: 
12:40:46  INFO 
12:40:46  INFO Validating [1m0x217805f77495f0c88ee6fb58fa98f59721c6a349a3020dff1a135413fecdd233[0m
12:40:46  INFO Executing [1m0x217805f77495f0c88ee6fb58fa98f59721c6a349a3020dff1a135413fecdd233[0m
12:40:46  INFO 
12:40:46  INFO ✅  [SUCCESS] Hash: 0x217805f77495f0c88ee6fb58fa98f59721c6a349a3020dff1a135413fecdd233
12:40:46  INFO Initiator: 0x36615cf349d7f6344891b1e7ca7c72883f5dc049
12:40:46  INFO Payer: 0x36615cf349d7f6344891b1e7ca7c72883f5dc049
12:40:46  INFO Gas Limit: 373_587 | Used: 218_095 | Refunded: 155_492
12:40:46  INFO Paid: 0.0000098688 ETH (218095 gas * 0.04525000 gwei)
12:40:46  INFO Refunded: 0.0000070360 ETH
12:40:46  INFO 
12:40:46  INFO 
12:40:46  INFO ==== Console logs: 
12:40:46  INFO 
12:40:46  INFO Validating [1m0xc649ab55753b8d454bb50afaabb49a152959a993a77fd8e7f068b5c7354fcb99[0m
12:40:46  INFO Executing [1m0xc649ab55753b8d454bb50afaabb49a152959a993a77fd8e7f068b5c7354fcb99[0m
12:40:46  INFO 
12:40:46  INFO ✅  [SUCCESS] Hash: 0xc649ab55753b8d454bb50afaabb49a152959a993a77fd8e7f068b5c7354fcb99
12:40:46  INFO Initiator: 0x36615cf349d7f6344891b1e7ca7c72883f5dc049
12:40:46  INFO Payer: 0x36615cf349d7f6344891b1e7ca7c72883f5dc049
12:40:46  INFO Gas Limit: 293_043 | Used: 186_467 | Refunded: 106_576
12:40:46  INFO Paid: 0.0000084376 ETH (186467 gas * 0.04525000 gwei)
12:40:46  INFO Refunded: 0.0000048226 ETH
12:40:46  INFO 
12:40:46  INFO 
12:40:46  INFO ==== Console logs: 
12:40:46  INFO 
12:40:46  INFO Validating [1m0xb9a5d24411d1109bf13093504389a405177c962ce4735ab5b5b5ac889e62422e[0m
12:40:46  INFO Executing [1m0xb9a5d24411d1109bf13093504389a405177c962ce4735ab5b5b5ac889e62422e[0m
12:40:46  INFO 
12:40:46  INFO ✅  [SUCCESS] Hash: 0xb9a5d24411d1109bf13093504389a405177c962ce4735ab5b5b5ac889e62422e
12:40:46  INFO Initiator: 0x36615cf349d7f6344891b1e7ca7c72883f5dc049
12:40:46  INFO Payer: 0x36615cf349d7f6344891b1e7ca7c72883f5dc049
12:40:46  INFO Gas Limit: 438_886 | Used: 263_084 | Refunded: 175_802
12:40:46  INFO Paid: 0.0000119046 ETH (263084 gas * 0.04525000 gwei)
12:40:46  INFO Refunded: 0.0000079550 ETH
12:40:46  INFO 
12:40:46  INFO 
12:40:46  INFO ==== Console logs: 
12:40:47  INFO 
12:40:47  INFO Call: [32mSUCCESS[0m
12:40:47  INFO Output: "0x0000000000000000000000000000000000000000000000015af1d78b58c40000"
12:40:47  INFO 
12:40:47  INFO ==== Console logs: 
